2021-05-28 16:24:05 [로그] info : 3000 포트에서 서버가 가동되었습니다.
2021-05-28 16:25:05 [로그] info : GET / 304 "홈 화면으로 이동"
2021-05-28 16:25:05 [로그] info : GET /login 304 "로그인 화면으로 이동"
2021-05-28 16:25:05 [로그] info : POST /login 200 Response: true 
2021-05-28 16:25:05 [로그] info : GET / 304 "홈 화면으로 이동"
2021-05-28 16:25:05 [로그] info : GET /register 304 "중간 지점 화면으로 이동"
2021-05-28 16:25:05 [로그] info : GET / 304 "홈 화면으로 이동"
2021-05-28 16:26:05 [로그] info : GET /register 304 "중간 지점 화면으로 이동"
2021-05-28 16:32:05 [로그] info : 3000 포트에서 서버가 가동되었습니다.
2021-05-28 16:33:05 [로그] info : GET / 304 "홈 화면으로 이동"
2021-05-28 16:33:05 [로그] info : GET /main 304 "메인 화면으로 이동"
2021-05-28 16:33:05 [로그] info : GET /register 304 "중간 지점 화면으로 이동"
2021-05-28 16:34:05 [로그] info : GET / 304 "홈 화면으로 이동"
2021-05-28 16:34:05 [로그] info : GET /list 304 "약속 리스트 확인 화면으로 이동"
2021-05-28 16:34:05 [로그] info : GET /main 304 "메인 화면으로 이동"
2021-05-28 16:34:05 [로그] info : GET /main 304 "메인 화면으로 이동"
2021-05-28 16:34:05 [로그] info : GET / 304 "홈 화면으로 이동"
2021-05-28 16:34:05 [로그] info : GET /login 304 "로그인 화면으로 이동"
2021-05-28 16:45:05 [로그] info : POST /login 200 Response: true 
2021-05-28 16:45:05 [로그] info : GET / 304 "홈 화면으로 이동"
2021-05-28 16:45:05 [로그] info : GET /main 304 "메인 화면으로 이동"
2021-05-28 16:54:05 [로그] info : GET / 304 "홈 화면으로 이동"
2021-05-28 16:54:05 [로그] info : GET /list 304 "약속 리스트 확인 화면으로 이동"
2021-05-28 16:55:05 [로그] info : GET /main 304 "메인 화면으로 이동"
2021-05-28 16:55:05 [로그] info : GET / 304 "홈 화면으로 이동"
2021-05-28 16:55:05 [로그] info : GET /login 304 "로그인 화면으로 이동"
2021-05-28 16:55:05 [로그] info : POST /login 200 Response: true 
2021-05-28 16:55:05 [로그] info : GET / 304 "홈 화면으로 이동"
2021-05-28 16:55:05 [로그] info : GET /main 304 "메인 화면으로 이동"
2021-05-28 16:55:05 [로그] info : GET /register 304 "중간 지점 화면으로 이동"
2021-05-28 16:56:05 [로그] info : GET / 304 "홈 화면으로 이동"
2021-05-28 16:56:05 [로그] info : GET /main 304 "메인 화면으로 이동"
2021-05-28 16:56:05 [로그] info : GET /register 304 "중간 지점 화면으로 이동"
2021-05-28 18:08:05 [로그] info : GET / 304 "홈 화면으로 이동"
2021-05-28 18:08:05 [로그] info : GET /register 304 "중간 지점 화면으로 이동"
2021-05-28 18:10:05 [로그] info : POST /midpoint 201 Response: true 
2021-05-28 18:10:05 [로그] info : POST /midpoint 201 Response: true 
2021-05-28 18:32:05 [로그] info : GET /register 304 "중간 지점 화면으로 이동"
2021-05-28 19:32:05 [로그] info : 3000 포트에서 서버가 가동되었습니다.
2021-05-28 19:32:05 [로그] info : GET /register 304 "중간 지점 화면으로 이동"
2021-05-28 19:34:05 [로그] info : GET /register 304 "중간 지점 화면으로 이동"
2021-05-28 19:38:05 [로그] info : GET / 304 "홈 화면으로 이동"
2021-05-28 19:38:05 [로그] info : GET /main 304 "메인 화면으로 이동"
2021-05-28 19:39:05 [로그] info : GET /register 304 "중간 지점 화면으로 이동"
2021-05-28 19:41:05 [로그] info : POST /midpoint 201 Response: true 
2021-05-28 19:42:05 [로그] info : GET /register 304 "중간 지점 화면으로 이동"
2021-05-28 19:51:05 [로그] info : POST /midpoint 201 Response: true 
2021-05-28 19:55:05 [로그] info : GET / 304 "홈 화면으로 이동"
2021-05-28 19:55:05 [로그] info : GET /main 304 "메인 화면으로 이동"
2021-05-28 19:55:05 [로그] info : GET / 304 "홈 화면으로 이동"
2021-05-29 23:41:06 [로그] info : 3000 포트에서 서버가 가동되었습니다.
2021-05-29 23:42:06 [로그] info : GET / 304 "홈 화면으로 이동"
2021-05-29 23:42:06 [로그] info : GET /login 304 "로그인 화면으로 이동"
2021-05-29 23:51:06 [로그] info : 3000 포트에서 서버가 가동되었습니다.
2021-05-29 23:51:06 [로그] info : GET / 304 "홈 화면으로 이동"
2021-05-29 23:51:06 [로그] info : GET / 304 "홈 화면으로 이동"
2021-05-29 23:51:06 [로그] info : GET / 304 "홈 화면으로 이동"
2021-05-29 23:52:06 [로그] info : 3000 포트에서 서버가 가동되었습니다.
2021-05-29 23:52:06 [로그] info : GET / 304 "홈 화면으로 이동"
2021-05-30 00:29:00 [로그] info : 3000 포트에서 서버가 가동되었습니다.
2021-05-30 00:29:00 [로그] info : GET / 304 "홈 화면으로 이동"
2021-05-30 01:14:00 [로그] info : GET /login 304 "로그인 화면으로 이동"
2021-05-30 01:14:00 [로그] info : GET /login 304 "로그인 화면으로 이동"
2021-05-30 01:14:00 [로그] info : GET /login 304 "로그인 화면으로 이동"
2021-05-30 01:14:00 [로그] info : POST /login 200 Response: true 
2021-05-30 01:14:00 [로그] info : GET / 304 "홈 화면으로 이동"
2021-05-30 01:14:00 [로그] info : GET /list 304 "약속 리스트 확인 화면으로 이동"
2021-05-30 01:14:00 [로그] info : GET /main 304 "메인 화면으로 이동"
2021-05-30 01:14:00 [로그] info : GET /list 304 "약속 리스트 확인 화면으로 이동"
2021-05-30 01:15:00 [로그] info : GET /main 304 "메인 화면으로 이동"
2021-05-30 01:15:00 [로그] info : GET / 304 "홈 화면으로 이동"
2021-05-30 01:15:00 [로그] info : GET /login 304 "로그인 화면으로 이동"
2021-05-30 01:15:00 [로그] info : GET /register 304 "회원가입 화면으로 이동"
2021-05-30 01:15:00 [로그] info : GET /login 304 "로그인 화면으로 이동"
2021-05-30 01:44:00 [로그] info : GET / 304 "홈 화면으로 이동"
2021-05-30 01:45:00 [로그] info : GET / 304 "홈 화면으로 이동"
2021-05-30 01:45:00 [로그] info : GET / 304 "홈 화면으로 이동"
2021-05-30 01:46:00 [로그] info : GET / 304 "홈 화면으로 이동"
2021-05-30 01:50:00 [로그] info : GET / 304 "홈 화면으로 이동"
2021-05-30 01:50:00 [로그] info : GET / 304 "홈 화면으로 이동"
2021-05-30 01:50:00 [로그] info : GET / 304 "홈 화면으로 이동"
2021-05-30 01:50:00 [로그] info : GET / 304 "홈 화면으로 이동"
2021-05-30 01:51:00 [로그] info : GET / 304 "홈 화면으로 이동"
2021-05-30 01:57:00 [로그] info : GET / 304 "홈 화면으로 이동"
2021-05-30 01:58:00 [로그] info : GET / 304 "홈 화면으로 이동"
2021-05-30 02:01:00 [로그] info : GET / 304 "홈 화면으로 이동"
2021-05-30 02:01:00 [로그] info : GET / 304 "홈 화면으로 이동"
2021-05-30 02:02:00 [로그] info : GET / 304 "홈 화면으로 이동"
2021-05-30 02:02:00 [로그] info : GET / 304 "홈 화면으로 이동"
2021-05-30 02:03:00 [로그] info : GET / 304 "홈 화면으로 이동"
2021-05-30 02:03:00 [로그] info : GET / 304 "홈 화면으로 이동"
2021-05-30 02:03:00 [로그] info : GET / 304 "홈 화면으로 이동"
2021-05-30 02:57:00 [로그] info : GET / 304 "홈 화면으로 이동"
2021-05-30 02:58:00 [로그] info : GET / 304 "홈 화면으로 이동"
2021-05-30 02:58:00 [로그] info : GET / 304 "홈 화면으로 이동"
2021-05-30 03:00:00 [로그] info : GET / 304 "홈 화면으로 이동"
2021-05-30 03:02:00 [로그] info : GET / 304 "홈 화면으로 이동"
2021-05-30 03:02:00 [로그] info : GET / 304 "홈 화면으로 이동"
2021-05-30 03:02:00 [로그] info : GET / 304 "홈 화면으로 이동"
2021-05-30 03:03:00 [로그] info : GET / 304 "홈 화면으로 이동"
2021-05-30 03:04:00 [로그] info : GET / 304 "홈 화면으로 이동"
2021-05-30 03:05:00 [로그] info : GET / 304 "홈 화면으로 이동"
2021-05-30 03:05:00 [로그] info : GET / 304 "홈 화면으로 이동"
2021-05-30 03:05:00 [로그] info : GET / 304 "홈 화면으로 이동"
2021-05-30 03:05:00 [로그] info : GET / 304 "홈 화면으로 이동"
2021-05-30 03:07:00 [로그] info : GET / 304 "홈 화면으로 이동"
2021-05-30 03:07:00 [로그] info : GET / 304 "홈 화면으로 이동"
2021-05-30 03:07:00 [로그] info : GET / 304 "홈 화면으로 이동"
2021-05-30 03:09:00 [로그] info : GET / 304 "홈 화면으로 이동"
2021-05-30 03:09:00 [로그] info : GET / 304 "홈 화면으로 이동"
2021-05-30 03:10:00 [로그] info : GET / 304 "홈 화면으로 이동"
2021-05-30 03:10:00 [로그] info : GET / 304 "홈 화면으로 이동"
2021-05-30 03:10:00 [로그] info : GET / 304 "홈 화면으로 이동"
2021-05-30 03:11:00 [로그] info : GET / 304 "홈 화면으로 이동"
2021-05-30 03:11:00 [로그] info : GET / 304 "홈 화면으로 이동"
2021-05-30 03:11:00 [로그] info : GET / 304 "홈 화면으로 이동"
2021-05-30 03:11:00 [로그] info : GET / 304 "홈 화면으로 이동"
2021-05-30 03:11:00 [로그] info : GET / 304 "홈 화면으로 이동"
2021-05-30 03:11:00 [로그] info : GET / 304 "홈 화면으로 이동"
2021-05-30 03:11:00 [로그] info : GET / 304 "홈 화면으로 이동"
2021-05-30 03:11:00 [로그] info : GET / 304 "홈 화면으로 이동"
2021-05-30 03:11:00 [로그] info : GET / 304 "홈 화면으로 이동"
2021-05-30 03:12:00 [로그] info : GET / 304 "홈 화면으로 이동"
2021-05-30 03:14:00 [로그] info : GET / 304 "홈 화면으로 이동"
2021-05-30 03:14:00 [로그] info : GET / 304 "홈 화면으로 이동"
2021-05-30 03:23:00 [로그] info : GET / 304 "홈 화면으로 이동"
2021-05-30 03:24:00 [로그] info : GET / 304 "홈 화면으로 이동"
2021-05-30 03:24:00 [로그] info : GET / 304 "홈 화면으로 이동"
2021-05-30 03:24:00 [로그] info : GET / 304 "홈 화면으로 이동"
2021-05-30 03:25:00 [로그] info : GET / 304 "홈 화면으로 이동"
2021-05-30 03:25:00 [로그] info : GET / 304 "홈 화면으로 이동"
2021-05-30 03:29:00 [로그] info : 3000 포트에서 서버가 가동되었습니다.
2021-05-30 03:30:00 [로그] info : 3000 포트에서 서버가 가동되었습니다.
2021-05-30 03:30:00 [로그] info : GET / 304 "홈 화면으로 이동"
2021-05-30 03:31:00 [로그] info : 3000 포트에서 서버가 가동되었습니다.
2021-05-30 03:34:00 [로그] info : 3000 포트에서 서버가 가동되었습니다.
2021-05-30 03:35:00 [로그] info : 3000 포트에서 서버가 가동되었습니다.
2021-05-30 03:35:00 [로그] info : 3000 포트에서 서버가 가동되었습니다.
2021-05-30 03:36:00 [로그] info : GET / 304 "홈 화면으로 이동"
2021-05-30 03:37:00 [로그] info : 3000 포트에서 서버가 가동되었습니다.
2021-05-30 03:37:00 [로그] info : 3000 포트에서 서버가 가동되었습니다.
2021-05-30 03:38:00 [로그] info : 3000 포트에서 서버가 가동되었습니다.
2021-05-30 03:40:00 [로그] info : 3000 포트에서 서버가 가동되었습니다.
2021-05-30 03:40:00 [로그] info : GET / 304 "홈 화면으로 이동"
2021-05-30 03:40:00 [로그] info : GET / 304 "홈 화면으로 이동"
2021-05-30 03:40:00 [로그] info : GET / 304 "홈 화면으로 이동"
2021-05-30 03:40:00 [로그] info : GET / 304 "홈 화면으로 이동"
2021-05-30 03:40:00 [로그] info : GET / 304 "홈 화면으로 이동"
2021-05-30 03:40:00 [로그] info : GET / 304 "홈 화면으로 이동"
2021-05-30 03:40:00 [로그] info : GET / 304 "홈 화면으로 이동"
2021-05-30 03:40:00 [로그] info : GET / 304 "홈 화면으로 이동"
2021-05-30 03:40:00 [로그] info : GET / 304 "홈 화면으로 이동"
2021-05-30 03:40:00 [로그] info : GET / 304 "홈 화면으로 이동"
2021-05-30 03:40:00 [로그] info : GET / 304 "홈 화면으로 이동"
2021-05-30 03:40:00 [로그] info : GET / 304 "홈 화면으로 이동"
2021-05-30 03:40:00 [로그] info : GET / 304 "홈 화면으로 이동"
2021-05-30 03:40:00 [로그] info : GET / 304 "홈 화면으로 이동"
2021-05-30 03:40:00 [로그] info : GET / 304 "홈 화면으로 이동"
2021-05-30 03:41:00 [로그] info : 3000 포트에서 서버가 가동되었습니다.
2021-05-30 03:41:00 [로그] info : GET / 304 "홈 화면으로 이동"
2021-05-30 03:42:00 [로그] info : GET / 304 "홈 화면으로 이동"
2021-05-30 03:45:00 [로그] info : 3000 포트에서 서버가 가동되었습니다.
2021-05-30 03:46:00 [로그] info : 3000 포트에서 서버가 가동되었습니다.
2021-05-30 03:46:00 [로그] info : GET / 304 "홈 화면으로 이동"
2021-05-30 03:46:00 [로그] info : GET / 304 "홈 화면으로 이동"
2021-05-30 03:47:00 [로그] info : GET / 304 "홈 화면으로 이동"
2021-05-30 03:47:00 [로그] info : GET / 304 "홈 화면으로 이동"
2021-05-30 03:48:00 [로그] info : GET / 304 "홈 화면으로 이동"
2021-05-30 03:48:00 [로그] info : 3000 포트에서 서버가 가동되었습니다.
2021-05-30 04:06:00 [로그] info : GET / 304 "홈 화면으로 이동"
2021-05-30 04:06:00 [로그] info : GET /login 304 "로그인 화면으로 이동"
2021-05-30 04:07:00 [로그] info : GET / 304 "홈 화면으로 이동"
2021-05-30 04:07:00 [로그] info : GET / 304 "홈 화면으로 이동"
2021-05-30 04:07:00 [로그] info : 3000 포트에서 서버가 가동되었습니다.
2021-05-30 04:10:00 [로그] info : GET / 304 "홈 화면으로 이동"
2021-05-30 04:14:00 [로그] info : GET /login 304 "로그인 화면으로 이동"
2021-05-30 04:15:00 [로그] info : GET / 304 "홈 화면으로 이동"
2021-05-30 04:18:00 [로그] info : GET / 304 "홈 화면으로 이동"
2021-05-30 04:19:00 [로그] info : GET / 304 "홈 화면으로 이동"
2021-05-30 04:21:00 [로그] info : GET / 304 "홈 화면으로 이동"
2021-05-30 04:22:00 [로그] info : GET / 304 "홈 화면으로 이동"
2021-05-30 04:22:00 [로그] info : GET / 304 "홈 화면으로 이동"
2021-05-30 04:22:00 [로그] info : GET / 304 "홈 화면으로 이동"
2021-05-30 04:23:00 [로그] info : GET / 304 "홈 화면으로 이동"
2021-05-30 04:23:00 [로그] info : GET / 304 "홈 화면으로 이동"
2021-05-30 04:24:00 [로그] info : GET / 304 "홈 화면으로 이동"
2021-05-30 04:24:00 [로그] info : GET / 304 "홈 화면으로 이동"
2021-05-30 04:24:00 [로그] info : GET / 304 "홈 화면으로 이동"
2021-05-30 04:26:00 [로그] info : GET / 304 "홈 화면으로 이동"
2021-05-30 04:26:00 [로그] info : GET / 304 "홈 화면으로 이동"
2021-05-30 04:27:00 [로그] info : GET / 304 "홈 화면으로 이동"
2021-05-30 04:28:00 [로그] info : GET / 304 "홈 화면으로 이동"
2021-05-30 04:30:00 [로그] info : GET / 304 "홈 화면으로 이동"
2021-05-30 04:31:00 [로그] info : GET / 304 "홈 화면으로 이동"
2021-05-30 04:33:00 [로그] info : GET / 304 "홈 화면으로 이동"
2021-05-30 04:33:00 [로그] info : GET /login 304 "로그인 화면으로 이동"
2021-05-30 04:33:00 [로그] info : GET /main 304 "메인 화면으로 이동"
2021-05-30 04:33:00 [로그] info : GET /list 304 "약속 리스트 확인 화면으로 이동"
2021-05-30 04:33:00 [로그] info : GET / 304 "홈 화면으로 이동"
2021-05-30 12:54:00 [로그] info : 3000 포트에서 서버가 가동되었습니다.
2021-05-30 12:54:00 [로그] info : GET / 304 "홈 화면으로 이동"
2021-05-30 12:54:00 [로그] info : GET /login 304 "로그인 화면으로 이동"
2021-05-30 12:58:00 [로그] info : GET / 304 "홈 화면으로 이동"
2021-05-30 12:58:00 [로그] info : GET /login 304 "로그인 화면으로 이동"
2021-05-30 12:59:00 [로그] info : GET /main 304 "메인 화면으로 이동"
2021-05-30 12:59:00 [로그] info : GET /list 304 "약속 리스트 확인 화면으로 이동"
2021-05-30 12:59:00 [로그] info : GET / 304 "홈 화면으로 이동"
2021-05-30 12:59:00 [로그] info : GET / 304 "홈 화면으로 이동"
2021-05-30 13:00:00 [로그] info : GET / 304 "홈 화면으로 이동"
2021-05-30 13:00:00 [로그] info : GET /login 304 "로그인 화면으로 이동"
2021-05-30 13:00:00 [로그] info : GET /login 304 "로그인 화면으로 이동"
2021-05-30 13:00:00 [로그] info : GET /login 304 "로그인 화면으로 이동"
2021-05-30 13:01:00 [로그] info : GET /login 304 "로그인 화면으로 이동"
2021-05-30 13:01:00 [로그] info : GET /login 304 "로그인 화면으로 이동"
2021-05-30 13:01:00 [로그] info : GET / 304 "홈 화면으로 이동"
2021-05-30 13:01:00 [로그] info : GET /login 304 "로그인 화면으로 이동"
2021-05-30 13:01:00 [로그] info : GET /login 304 "로그인 화면으로 이동"
2021-05-30 13:01:00 [로그] info : GET /login 304 "로그인 화면으로 이동"
2021-05-30 13:02:00 [로그] info : GET /login 304 "로그인 화면으로 이동"
2021-05-30 13:02:00 [로그] info : GET /login 304 "로그인 화면으로 이동"
2021-05-30 13:05:00 [로그] info : GET /login 304 "로그인 화면으로 이동"
2021-05-30 13:05:00 [로그] info : GET /login 304 "로그인 화면으로 이동"
2021-05-30 13:05:00 [로그] info : GET /login 304 "로그인 화면으로 이동"
2021-05-30 13:05:00 [로그] info : GET /login 304 "로그인 화면으로 이동"
2021-05-30 13:05:00 [로그] info : GET /login 304 "로그인 화면으로 이동"
2021-05-30 13:05:00 [로그] info : GET /login 304 "로그인 화면으로 이동"
2021-05-30 13:05:00 [로그] info : GET /login 304 "로그인 화면으로 이동"
2021-05-30 13:05:00 [로그] info : GET /login 304 "로그인 화면으로 이동"
2021-05-30 13:05:00 [로그] info : GET /login 304 "로그인 화면으로 이동"
2021-05-30 13:05:00 [로그] info : GET /login 304 "로그인 화면으로 이동"
2021-05-30 13:05:00 [로그] info : GET /login 304 "로그인 화면으로 이동"
2021-05-30 13:06:00 [로그] info : GET /login 304 "로그인 화면으로 이동"
2021-05-30 13:06:00 [로그] info : GET /login 304 "로그인 화면으로 이동"
2021-05-30 13:08:00 [로그] info : GET /login 304 "로그인 화면으로 이동"
2021-05-30 13:09:00 [로그] info : GET / 304 "홈 화면으로 이동"
2021-05-30 13:09:00 [로그] info : GET /login 304 "로그인 화면으로 이동"
2021-05-30 13:10:00 [로그] info : GET /login 304 "로그인 화면으로 이동"
2021-05-30 13:10:00 [로그] info : GET / 304 "홈 화면으로 이동"
2021-05-30 13:10:00 [로그] info : GET /login 304 "로그인 화면으로 이동"
2021-05-30 13:10:00 [로그] info : GET / 304 "홈 화면으로 이동"
2021-05-30 13:11:00 [로그] info : GET / 304 "홈 화면으로 이동"
2021-05-30 13:12:00 [로그] info : GET / 304 "홈 화면으로 이동"
2021-05-30 13:12:00 [로그] info : GET / 304 "홈 화면으로 이동"
2021-05-30 13:13:00 [로그] info : GET / 304 "홈 화면으로 이동"
2021-05-30 13:14:00 [로그] info : GET / 304 "홈 화면으로 이동"
2021-05-30 13:14:00 [로그] info : GET / 304 "홈 화면으로 이동"
2021-05-30 13:14:00 [로그] info : GET /login 304 "로그인 화면으로 이동"
2021-05-30 13:15:00 [로그] info : GET /login 304 "로그인 화면으로 이동"
2021-05-30 13:15:00 [로그] info : GET /login 304 "로그인 화면으로 이동"
2021-05-30 13:15:00 [로그] info : GET /register 304 "회원가입 화면으로 이동"
2021-05-30 13:15:00 [로그] info : GET /register 304 "회원가입 화면으로 이동"
2021-05-30 13:17:00 [로그] info : GET / 304 "홈 화면으로 이동"
2021-05-30 13:17:00 [로그] info : GET / 304 "홈 화면으로 이동"
2021-05-30 13:20:00 [로그] info : GET / 304 "홈 화면으로 이동"
2021-05-30 13:20:00 [로그] info : GET / 304 "홈 화면으로 이동"
2021-05-30 13:21:00 [로그] info : GET / 304 "홈 화면으로 이동"
2021-05-30 13:22:00 [로그] info : GET /login 304 "로그인 화면으로 이동"
2021-05-30 13:23:00 [로그] info : GET / 304 "홈 화면으로 이동"
2021-05-30 13:23:00 [로그] info : GET /login 304 "로그인 화면으로 이동"
2021-05-30 13:24:00 [로그] info : GET /login 304 "로그인 화면으로 이동"
2021-05-30 13:25:00 [로그] info : GET /login 304 "로그인 화면으로 이동"
2021-05-30 13:25:00 [로그] info : GET /login 304 "로그인 화면으로 이동"
2021-05-30 13:25:00 [로그] info : GET /login 304 "로그인 화면으로 이동"
2021-05-30 13:25:00 [로그] info : GET /register 304 "회원가입 화면으로 이동"
2021-05-30 13:26:00 [로그] info : GET /login 304 "로그인 화면으로 이동"
2021-05-30 13:27:00 [로그] info : GET / 304 "홈 화면으로 이동"
2021-05-30 13:27:00 [로그] info : GET /login 304 "로그인 화면으로 이동"
2021-05-30 13:27:00 [로그] info : GET /login 304 "로그인 화면으로 이동"
2021-05-30 13:27:00 [로그] info : GET /login 304 "로그인 화면으로 이동"
2021-05-30 13:29:00 [로그] info : GET / 304 "홈 화면으로 이동"
2021-05-30 13:30:00 [로그] info : GET / 304 "홈 화면으로 이동"
2021-05-30 13:30:00 [로그] info : GET /login 304 "로그인 화면으로 이동"
2021-05-30 13:30:00 [로그] info : GET /login 304 "로그인 화면으로 이동"
2021-05-30 13:31:00 [로그] info : GET /login 304 "로그인 화면으로 이동"
2021-05-30 13:31:00 [로그] info : GET /login 304 "로그인 화면으로 이동"
2021-05-30 13:32:00 [로그] info : GET /login 304 "로그인 화면으로 이동"
2021-05-30 13:32:00 [로그] info : GET /login 304 "로그인 화면으로 이동"
2021-05-30 13:32:00 [로그] info : GET /login 304 "로그인 화면으로 이동"
2021-05-30 13:33:00 [로그] info : GET /login 304 "로그인 화면으로 이동"
2021-05-30 13:33:00 [로그] info : GET /login 304 "로그인 화면으로 이동"
2021-05-30 13:33:00 [로그] info : GET /login 304 "로그인 화면으로 이동"
2021-05-30 13:33:00 [로그] info : GET /register 304 "회원가입 화면으로 이동"
2021-05-30 13:34:00 [로그] info : GET /login 304 "로그인 화면으로 이동"
2021-05-30 13:34:00 [로그] info : GET /register 304 "회원가입 화면으로 이동"
2021-05-30 13:34:00 [로그] info : GET /login 304 "로그인 화면으로 이동"
2021-05-30 13:34:00 [로그] info : GET / 304 "홈 화면으로 이동"
2021-05-30 13:34:00 [로그] info : GET /login 304 "로그인 화면으로 이동"
2021-05-30 13:34:00 [로그] info : GET /main 304 "메인 화면으로 이동"
2021-05-30 13:35:00 [로그] info : GET / 304 "홈 화면으로 이동"
2021-05-30 13:36:00 [로그] info : GET /login 304 "로그인 화면으로 이동"
2021-05-30 13:36:00 [로그] info : GET /login 304 "로그인 화면으로 이동"
2021-05-30 13:36:00 [로그] info : GET /main 304 "메인 화면으로 이동"
2021-05-30 13:36:00 [로그] info : GET /login 304 "로그인 화면으로 이동"
2021-05-30 13:36:00 [로그] info : GET /main 304 "메인 화면으로 이동"
2021-05-30 13:36:00 [로그] info : GET /login 304 "로그인 화면으로 이동"
2021-05-30 13:36:00 [로그] info : GET /list 304 "약속 리스트 확인 화면으로 이동"
2021-05-30 13:36:00 [로그] info : GET / 304 "홈 화면으로 이동"
2021-05-30 13:36:00 [로그] info : GET / 304 "홈 화면으로 이동"
2021-05-30 13:36:00 [로그] info : GET /login 304 "로그인 화면으로 이동"
2021-05-30 13:37:00 [로그] info : GET /login 304 "로그인 화면으로 이동"
2021-05-30 13:37:00 [로그] info : GET /login 304 "로그인 화면으로 이동"
2021-05-30 13:37:00 [로그] info : GET /main 304 "메인 화면으로 이동"
2021-05-30 13:37:00 [로그] info : GET / 304 "홈 화면으로 이동"
2021-05-30 13:37:00 [로그] info : GET /login 304 "로그인 화면으로 이동"
2021-05-30 13:37:00 [로그] info : GET /login 304 "로그인 화면으로 이동"
2021-05-30 13:37:00 [로그] info : POST /login 200 Response: true 
2021-05-30 13:37:00 [로그] info : GET / 304 "홈 화면으로 이동"
2021-05-30 13:37:00 [로그] info : GET /main 304 "메인 화면으로 이동"
2021-05-30 13:37:00 [로그] info : GET / 304 "홈 화면으로 이동"
2021-05-30 13:37:00 [로그] info : GET /main 304 "메인 화면으로 이동"
2021-05-30 17:44:00 [로그] info : 3000 포트에서 서버가 가동되었습니다.
2021-05-30 17:44:00 [로그] info : GET / 304 "홈 화면으로 이동"
2021-05-30 17:44:00 [로그] info : GET /login 304 "로그인 화면으로 이동"
